<?xml version="1.0" encoding="UTF-8"?>
<testsuite xmlns:xsi="http://www.w3.org/2001/XMLSchema-instance" xsi:noNamespaceSchemaLocation="https://maven.apache.org/surefire/maven-surefire-plugin/xsd/surefire-test-report-3.0.xsd" version="3.0" name="com.RentToolControllerTest" time="4.608" tests="9" errors="0" skipped="0" failures="0">
  <properties>
    <property name="java.specification.version" value="17"/>
    <property name="sun.cpu.isalist" value="amd64"/>
    <property name="sun.jnu.encoding" value="Cp1252"/>
    <property name="java.class.path" value="C:\Users\ianpe\vscodeprojects\ip0623\target\test-classes;C:\Users\ianpe\vscodeprojects\ip0623\target\classes;C:\Users\ianpe\.m2\repository\org\springframework\boot\spring-boot-starter-data-jdbc\3.1.1\spring-boot-starter-data-jdbc-3.1.1.jar;C:\Users\ianpe\.m2\repository\org\springframework\boot\spring-boot-starter-jdbc\3.1.1\spring-boot-starter-jdbc-3.1.1.jar;C:\Users\ianpe\.m2\repository\com\zaxxer\HikariCP\5.0.1\HikariCP-5.0.1.jar;C:\Users\ianpe\.m2\repository\org\springframework\spring-jdbc\6.0.10\spring-jdbc-6.0.10.jar;C:\Users\ianpe\.m2\repository\org\springframework\data\spring-data-jdbc\3.1.1\spring-data-jdbc-3.1.1.jar;C:\Users\ianpe\.m2\repository\org\springframework\data\spring-data-relational\3.1.1\spring-data-relational-3.1.1.jar;C:\Users\ianpe\.m2\repository\org\springframework\data\spring-data-commons\3.1.1\spring-data-commons-3.1.1.jar;C:\Users\ianpe\.m2\repository\org\springframework\spring-tx\6.0.10\spring-tx-6.0.10.jar;C:\Users\ianpe\.m2\repository\org\springframework\spring-context\6.0.10\spring-context-6.0.10.jar;C:\Users\ianpe\.m2\repository\org\springframework\spring-beans\6.0.10\spring-beans-6.0.10.jar;C:\Users\ianpe\.m2\repository\org\slf4j\slf4j-api\2.0.7\slf4j-api-2.0.7.jar;C:\Users\ianpe\.m2\repository\org\springframework\boot\spring-boot-starter-web\3.1.1\spring-boot-starter-web-3.1.1.jar;C:\Users\ianpe\.m2\repository\org\springframework\boot\spring-boot-starter\3.1.1\spring-boot-starter-3.1.1.jar;C:\Users\ianpe\.m2\repository\org\springframework\boot\spring-boot\3.1.1\spring-boot-3.1.1.jar;C:\Users\ianpe\.m2\repository\org\springframework\boot\spring-boot-autoconfigure\3.1.1\spring-boot-autoconfigure-3.1.1.jar;C:\Users\ianpe\.m2\repository\org\springframework\boot\spring-boot-starter-logging\3.1.1\spring-boot-starter-logging-3.1.1.jar;C:\Users\ianpe\.m2\repository\ch\qos\logback\logback-classic\1.4.8\logback-classic-1.4.8.jar;C:\Users\ianpe\.m2\repository\ch\qos\logback\logback-core\1.4.8\logback-core-1.4.8.jar;C:\Users\ianpe\.m2\repository\org\apache\logging\log4j\log4j-to-slf4j\2.20.0\log4j-to-slf4j-2.20.0.jar;C:\Users\ianpe\.m2\repository\org\apache\logging\log4j\log4j-api\2.20.0\log4j-api-2.20.0.jar;C:\Users\ianpe\.m2\repository\org\slf4j\jul-to-slf4j\2.0.7\jul-to-slf4j-2.0.7.jar;C:\Users\ianpe\.m2\repository\jakarta\annotation\jakarta.annotation-api\2.1.1\jakarta.annotation-api-2.1.1.jar;C:\Users\ianpe\.m2\repository\org\yaml\snakeyaml\1.33\snakeyaml-1.33.jar;C:\Users\ianpe\.m2\repository\org\springframework\boot\spring-boot-starter-json\3.1.1\spring-boot-starter-json-3.1.1.jar;C:\Users\ianpe\.m2\repository\com\fasterxml\jackson\core\jackson-databind\2.15.2\jackson-databind-2.15.2.jar;C:\Users\ianpe\.m2\repository\com\fasterxml\jackson\core\jackson-annotations\2.15.2\jackson-annotations-2.15.2.jar;C:\Users\ianpe\.m2\repository\com\fasterxml\jackson\core\jackson-core\2.15.2\jackson-core-2.15.2.jar;C:\Users\ianpe\.m2\repository\com\fasterxml\jackson\datatype\jackson-datatype-jdk8\2.15.2\jackson-datatype-jdk8-2.15.2.jar;C:\Users\ianpe\.m2\repository\com\fasterxml\jackson\datatype\jackson-datatype-jsr310\2.15.2\jackson-datatype-jsr310-2.15.2.jar;C:\Users\ianpe\.m2\repository\com\fasterxml\jackson\module\jackson-module-parameter-names\2.15.2\jackson-module-parameter-names-2.15.2.jar;C:\Users\ianpe\.m2\repository\org\springframework\boot\spring-boot-starter-tomcat\3.1.1\spring-boot-starter-tomcat-3.1.1.jar;C:\Users\ianpe\.m2\repository\org\apache\tomcat\embed\tomcat-embed-core\10.1.10\tomcat-embed-core-10.1.10.jar;C:\Users\ianpe\.m2\repository\org\apache\tomcat\embed\tomcat-embed-el\10.1.10\tomcat-embed-el-10.1.10.jar;C:\Users\ianpe\.m2\repository\org\apache\tomcat\embed\tomcat-embed-websocket\10.1.10\tomcat-embed-websocket-10.1.10.jar;C:\Users\ianpe\.m2\repository\org\springframework\spring-web\6.0.10\spring-web-6.0.10.jar;C:\Users\ianpe\.m2\repository\io\micrometer\micrometer-observation\1.11.1\micrometer-observation-1.11.1.jar;C:\Users\ianpe\.m2\repository\io\micrometer\micrometer-commons\1.11.1\micrometer-commons-1.11.1.jar;C:\Users\ianpe\.m2\repository\org\springframework\spring-webmvc\6.0.10\spring-webmvc-6.0.10.jar;C:\Users\ianpe\.m2\repository\org\springframework\spring-aop\6.0.10\spring-aop-6.0.10.jar;C:\Users\ianpe\.m2\repository\org\springframework\spring-expression\6.0.10\spring-expression-6.0.10.jar;C:\Users\ianpe\.m2\repository\mysql\mysql-connector-java\8.0.28\mysql-connector-java-8.0.28.jar;C:\Users\ianpe\.m2\repository\com\google\protobuf\protobuf-java\3.11.4\protobuf-java-3.11.4.jar;C:\Users\ianpe\.m2\repository\org\postgresql\postgresql\42.6.0\postgresql-42.6.0.jar;C:\Users\ianpe\.m2\repository\org\checkerframework\checker-qual\3.31.0\checker-qual-3.31.0.jar;C:\Users\ianpe\.m2\repository\org\springframework\boot\spring-boot-starter-test\3.1.0\spring-boot-starter-test-3.1.0.jar;C:\Users\ianpe\.m2\repository\org\springframework\boot\spring-boot-test\3.1.1\spring-boot-test-3.1.1.jar;C:\Users\ianpe\.m2\repository\org\springframework\boot\spring-boot-test-autoconfigure\3.1.1\spring-boot-test-autoconfigure-3.1.1.jar;C:\Users\ianpe\.m2\repository\com\jayway\jsonpath\json-path\2.8.0\json-path-2.8.0.jar;C:\Users\ianpe\.m2\repository\jakarta\xml\bind\jakarta.xml.bind-api\4.0.0\jakarta.xml.bind-api-4.0.0.jar;C:\Users\ianpe\.m2\repository\jakarta\activation\jakarta.activation-api\2.1.2\jakarta.activation-api-2.1.2.jar;C:\Users\ianpe\.m2\repository\net\minidev\json-smart\2.4.11\json-smart-2.4.11.jar;C:\Users\ianpe\.m2\repository\net\minidev\accessors-smart\2.4.11\accessors-smart-2.4.11.jar;C:\Users\ianpe\.m2\repository\org\ow2\asm\asm\9.3\asm-9.3.jar;C:\Users\ianpe\.m2\repository\org\assertj\assertj-core\3.24.2\assertj-core-3.24.2.jar;C:\Users\ianpe\.m2\repository\net\bytebuddy\byte-buddy\1.14.5\byte-buddy-1.14.5.jar;C:\Users\ianpe\.m2\repository\org\hamcrest\hamcrest\2.2\hamcrest-2.2.jar;C:\Users\ianpe\.m2\repository\org\junit\jupiter\junit-jupiter\5.9.3\junit-jupiter-5.9.3.jar;C:\Users\ianpe\.m2\repository\org\junit\jupiter\junit-jupiter-api\5.9.3\junit-jupiter-api-5.9.3.jar;C:\Users\ianpe\.m2\repository\org\opentest4j\opentest4j\1.2.0\opentest4j-1.2.0.jar;C:\Users\ianpe\.m2\repository\org\junit\platform\junit-platform-commons\1.9.3\junit-platform-commons-1.9.3.jar;C:\Users\ianpe\.m2\repository\org\apiguardian\apiguardian-api\1.1.2\apiguardian-api-1.1.2.jar;C:\Users\ianpe\.m2\repository\org\junit\jupiter\junit-jupiter-params\5.9.3\junit-jupiter-params-5.9.3.jar;C:\Users\ianpe\.m2\repository\org\junit\jupiter\junit-jupiter-engine\5.9.3\junit-jupiter-engine-5.9.3.jar;C:\Users\ianpe\.m2\repository\org\junit\platform\junit-platform-engine\1.9.3\junit-platform-engine-1.9.3.jar;C:\Users\ianpe\.m2\repository\org\mockito\mockito-core\5.3.1\mockito-core-5.3.1.jar;C:\Users\ianpe\.m2\repository\net\bytebuddy\byte-buddy-agent\1.14.5\byte-buddy-agent-1.14.5.jar;C:\Users\ianpe\.m2\repository\org\objenesis\objenesis\3.3\objenesis-3.3.jar;C:\Users\ianpe\.m2\repository\org\mockito\mockito-junit-jupiter\5.3.1\mockito-junit-jupiter-5.3.1.jar;C:\Users\ianpe\.m2\repository\org\skyscreamer\jsonassert\1.5.1\jsonassert-1.5.1.jar;C:\Users\ianpe\.m2\repository\com\vaadin\external\google\android-json\0.0.20131108.vaadin1\android-json-0.0.20131108.vaadin1.jar;C:\Users\ianpe\.m2\repository\org\springframework\spring-core\6.0.10\spring-core-6.0.10.jar;C:\Users\ianpe\.m2\repository\org\springframework\spring-jcl\6.0.10\spring-jcl-6.0.10.jar;C:\Users\ianpe\.m2\repository\org\springframework\spring-test\6.0.10\spring-test-6.0.10.jar;C:\Users\ianpe\.m2\repository\org\xmlunit\xmlunit-core\2.9.1\xmlunit-core-2.9.1.jar;"/>
    <property name="java.vm.vendor" value="Oracle Corporation"/>
    <property name="sun.arch.data.model" value="64"/>
    <property name="user.variant" value=""/>
    <property name="catalina.useNaming" value="false"/>
    <property name="java.vendor.url" value="https://java.oracle.com/"/>
    <property name="user.timezone" value="America/New_York"/>
    <property name="os.name" value="Windows 10"/>
    <property name="java.vm.specification.version" value="17"/>
    <property name="sun.java.launcher" value="SUN_STANDARD"/>
    <property name="user.country" value="US"/>
    <property name="sun.boot.library.path" value="C:\Program Files\Java\jdk-17\bin"/>
    <property name="sun.java.command" value="C:\Users\ianpe\AppData\Local\Temp\surefire11026604867625741996\surefirebooter-20230709124804561_3.jar C:\Users\ianpe\AppData\Local\Temp\surefire11026604867625741996 2023-07-09T12-48-04_361-jvmRun1 surefire-20230709124804561_1tmp surefire_0-20230709124804561_2tmp"/>
    <property name="jdk.debug" value="release"/>
    <property name="surefire.test.class.path" value="C:\Users\ianpe\vscodeprojects\ip0623\target\test-classes;C:\Users\ianpe\vscodeprojects\ip0623\target\classes;C:\Users\ianpe\.m2\repository\org\springframework\boot\spring-boot-starter-data-jdbc\3.1.1\spring-boot-starter-data-jdbc-3.1.1.jar;C:\Users\ianpe\.m2\repository\org\springframework\boot\spring-boot-starter-jdbc\3.1.1\spring-boot-starter-jdbc-3.1.1.jar;C:\Users\ianpe\.m2\repository\com\zaxxer\HikariCP\5.0.1\HikariCP-5.0.1.jar;C:\Users\ianpe\.m2\repository\org\springframework\spring-jdbc\6.0.10\spring-jdbc-6.0.10.jar;C:\Users\ianpe\.m2\repository\org\springframework\data\spring-data-jdbc\3.1.1\spring-data-jdbc-3.1.1.jar;C:\Users\ianpe\.m2\repository\org\springframework\data\spring-data-relational\3.1.1\spring-data-relational-3.1.1.jar;C:\Users\ianpe\.m2\repository\org\springframework\data\spring-data-commons\3.1.1\spring-data-commons-3.1.1.jar;C:\Users\ianpe\.m2\repository\org\springframework\spring-tx\6.0.10\spring-tx-6.0.10.jar;C:\Users\ianpe\.m2\repository\org\springframework\spring-context\6.0.10\spring-context-6.0.10.jar;C:\Users\ianpe\.m2\repository\org\springframework\spring-beans\6.0.10\spring-beans-6.0.10.jar;C:\Users\ianpe\.m2\repository\org\slf4j\slf4j-api\2.0.7\slf4j-api-2.0.7.jar;C:\Users\ianpe\.m2\repository\org\springframework\boot\spring-boot-starter-web\3.1.1\spring-boot-starter-web-3.1.1.jar;C:\Users\ianpe\.m2\repository\org\springframework\boot\spring-boot-starter\3.1.1\spring-boot-starter-3.1.1.jar;C:\Users\ianpe\.m2\repository\org\springframework\boot\spring-boot\3.1.1\spring-boot-3.1.1.jar;C:\Users\ianpe\.m2\repository\org\springframework\boot\spring-boot-autoconfigure\3.1.1\spring-boot-autoconfigure-3.1.1.jar;C:\Users\ianpe\.m2\repository\org\springframework\boot\spring-boot-starter-logging\3.1.1\spring-boot-starter-logging-3.1.1.jar;C:\Users\ianpe\.m2\repository\ch\qos\logback\logback-classic\1.4.8\logback-classic-1.4.8.jar;C:\Users\ianpe\.m2\repository\ch\qos\logback\logback-core\1.4.8\logback-core-1.4.8.jar;C:\Users\ianpe\.m2\repository\org\apache\logging\log4j\log4j-to-slf4j\2.20.0\log4j-to-slf4j-2.20.0.jar;C:\Users\ianpe\.m2\repository\org\apache\logging\log4j\log4j-api\2.20.0\log4j-api-2.20.0.jar;C:\Users\ianpe\.m2\repository\org\slf4j\jul-to-slf4j\2.0.7\jul-to-slf4j-2.0.7.jar;C:\Users\ianpe\.m2\repository\jakarta\annotation\jakarta.annotation-api\2.1.1\jakarta.annotation-api-2.1.1.jar;C:\Users\ianpe\.m2\repository\org\yaml\snakeyaml\1.33\snakeyaml-1.33.jar;C:\Users\ianpe\.m2\repository\org\springframework\boot\spring-boot-starter-json\3.1.1\spring-boot-starter-json-3.1.1.jar;C:\Users\ianpe\.m2\repository\com\fasterxml\jackson\core\jackson-databind\2.15.2\jackson-databind-2.15.2.jar;C:\Users\ianpe\.m2\repository\com\fasterxml\jackson\core\jackson-annotations\2.15.2\jackson-annotations-2.15.2.jar;C:\Users\ianpe\.m2\repository\com\fasterxml\jackson\core\jackson-core\2.15.2\jackson-core-2.15.2.jar;C:\Users\ianpe\.m2\repository\com\fasterxml\jackson\datatype\jackson-datatype-jdk8\2.15.2\jackson-datatype-jdk8-2.15.2.jar;C:\Users\ianpe\.m2\repository\com\fasterxml\jackson\datatype\jackson-datatype-jsr310\2.15.2\jackson-datatype-jsr310-2.15.2.jar;C:\Users\ianpe\.m2\repository\com\fasterxml\jackson\module\jackson-module-parameter-names\2.15.2\jackson-module-parameter-names-2.15.2.jar;C:\Users\ianpe\.m2\repository\org\springframework\boot\spring-boot-starter-tomcat\3.1.1\spring-boot-starter-tomcat-3.1.1.jar;C:\Users\ianpe\.m2\repository\org\apache\tomcat\embed\tomcat-embed-core\10.1.10\tomcat-embed-core-10.1.10.jar;C:\Users\ianpe\.m2\repository\org\apache\tomcat\embed\tomcat-embed-el\10.1.10\tomcat-embed-el-10.1.10.jar;C:\Users\ianpe\.m2\repository\org\apache\tomcat\embed\tomcat-embed-websocket\10.1.10\tomcat-embed-websocket-10.1.10.jar;C:\Users\ianpe\.m2\repository\org\springframework\spring-web\6.0.10\spring-web-6.0.10.jar;C:\Users\ianpe\.m2\repository\io\micrometer\micrometer-observation\1.11.1\micrometer-observation-1.11.1.jar;C:\Users\ianpe\.m2\repository\io\micrometer\micrometer-commons\1.11.1\micrometer-commons-1.11.1.jar;C:\Users\ianpe\.m2\repository\org\springframework\spring-webmvc\6.0.10\spring-webmvc-6.0.10.jar;C:\Users\ianpe\.m2\repository\org\springframework\spring-aop\6.0.10\spring-aop-6.0.10.jar;C:\Users\ianpe\.m2\repository\org\springframework\spring-expression\6.0.10\spring-expression-6.0.10.jar;C:\Users\ianpe\.m2\repository\mysql\mysql-connector-java\8.0.28\mysql-connector-java-8.0.28.jar;C:\Users\ianpe\.m2\repository\com\google\protobuf\protobuf-java\3.11.4\protobuf-java-3.11.4.jar;C:\Users\ianpe\.m2\repository\org\postgresql\postgresql\42.6.0\postgresql-42.6.0.jar;C:\Users\ianpe\.m2\repository\org\checkerframework\checker-qual\3.31.0\checker-qual-3.31.0.jar;C:\Users\ianpe\.m2\repository\org\springframework\boot\spring-boot-starter-test\3.1.0\spring-boot-starter-test-3.1.0.jar;C:\Users\ianpe\.m2\repository\org\springframework\boot\spring-boot-test\3.1.1\spring-boot-test-3.1.1.jar;C:\Users\ianpe\.m2\repository\org\springframework\boot\spring-boot-test-autoconfigure\3.1.1\spring-boot-test-autoconfigure-3.1.1.jar;C:\Users\ianpe\.m2\repository\com\jayway\jsonpath\json-path\2.8.0\json-path-2.8.0.jar;C:\Users\ianpe\.m2\repository\jakarta\xml\bind\jakarta.xml.bind-api\4.0.0\jakarta.xml.bind-api-4.0.0.jar;C:\Users\ianpe\.m2\repository\jakarta\activation\jakarta.activation-api\2.1.2\jakarta.activation-api-2.1.2.jar;C:\Users\ianpe\.m2\repository\net\minidev\json-smart\2.4.11\json-smart-2.4.11.jar;C:\Users\ianpe\.m2\repository\net\minidev\accessors-smart\2.4.11\accessors-smart-2.4.11.jar;C:\Users\ianpe\.m2\repository\org\ow2\asm\asm\9.3\asm-9.3.jar;C:\Users\ianpe\.m2\repository\org\assertj\assertj-core\3.24.2\assertj-core-3.24.2.jar;C:\Users\ianpe\.m2\repository\net\bytebuddy\byte-buddy\1.14.5\byte-buddy-1.14.5.jar;C:\Users\ianpe\.m2\repository\org\hamcrest\hamcrest\2.2\hamcrest-2.2.jar;C:\Users\ianpe\.m2\repository\org\junit\jupiter\junit-jupiter\5.9.3\junit-jupiter-5.9.3.jar;C:\Users\ianpe\.m2\repository\org\junit\jupiter\junit-jupiter-api\5.9.3\junit-jupiter-api-5.9.3.jar;C:\Users\ianpe\.m2\repository\org\opentest4j\opentest4j\1.2.0\opentest4j-1.2.0.jar;C:\Users\ianpe\.m2\repository\org\junit\platform\junit-platform-commons\1.9.3\junit-platform-commons-1.9.3.jar;C:\Users\ianpe\.m2\repository\org\apiguardian\apiguardian-api\1.1.2\apiguardian-api-1.1.2.jar;C:\Users\ianpe\.m2\repository\org\junit\jupiter\junit-jupiter-params\5.9.3\junit-jupiter-params-5.9.3.jar;C:\Users\ianpe\.m2\repository\org\junit\jupiter\junit-jupiter-engine\5.9.3\junit-jupiter-engine-5.9.3.jar;C:\Users\ianpe\.m2\repository\org\junit\platform\junit-platform-engine\1.9.3\junit-platform-engine-1.9.3.jar;C:\Users\ianpe\.m2\repository\org\mockito\mockito-core\5.3.1\mockito-core-5.3.1.jar;C:\Users\ianpe\.m2\repository\net\bytebuddy\byte-buddy-agent\1.14.5\byte-buddy-agent-1.14.5.jar;C:\Users\ianpe\.m2\repository\org\objenesis\objenesis\3.3\objenesis-3.3.jar;C:\Users\ianpe\.m2\repository\org\mockito\mockito-junit-jupiter\5.3.1\mockito-junit-jupiter-5.3.1.jar;C:\Users\ianpe\.m2\repository\org\skyscreamer\jsonassert\1.5.1\jsonassert-1.5.1.jar;C:\Users\ianpe\.m2\repository\com\vaadin\external\google\android-json\0.0.20131108.vaadin1\android-json-0.0.20131108.vaadin1.jar;C:\Users\ianpe\.m2\repository\org\springframework\spring-core\6.0.10\spring-core-6.0.10.jar;C:\Users\ianpe\.m2\repository\org\springframework\spring-jcl\6.0.10\spring-jcl-6.0.10.jar;C:\Users\ianpe\.m2\repository\org\springframework\spring-test\6.0.10\spring-test-6.0.10.jar;C:\Users\ianpe\.m2\repository\org\xmlunit\xmlunit-core\2.9.1\xmlunit-core-2.9.1.jar;"/>
    <property name="sun.cpu.endian" value="little"/>
    <property name="user.home" value="C:\Users\ianpe"/>
    <property name="user.language" value="en"/>
    <property name="java.specification.vendor" value="Oracle Corporation"/>
    <property name="java.version.date" value="2023-04-18"/>
    <property name="java.home" value="C:\Program Files\Java\jdk-17"/>
    <property name="file.separator" value="\"/>
    <property name="basedir" value="C:\Users\ianpe\vscodeprojects\ip0623"/>
    <property name="java.vm.compressedOopsMode" value="Zero based"/>
    <property name="line.separator" value="&#10;"/>
    <property name="java.vm.specification.vendor" value="Oracle Corporation"/>
    <property name="java.specification.name" value="Java Platform API Specification"/>
    <property name="FILE_LOG_CHARSET" value="windows-1252"/>
    <property name="java.awt.headless" value="true"/>
    <property name="surefire.real.class.path" value="C:\Users\ianpe\AppData\Local\Temp\surefire11026604867625741996\surefirebooter-20230709124804561_3.jar"/>
    <property name="user.script" value=""/>
    <property name="sun.management.compiler" value="HotSpot 64-Bit Tiered Compilers"/>
    <property name="java.runtime.version" value="17.0.7+8-LTS-224"/>
    <property name="user.name" value="ianpe"/>
    <property name="path.separator" value=";"/>
    <property name="os.version" value="10.0"/>
    <property name="java.runtime.name" value="Java(TM) SE Runtime Environment"/>
    <property name="file.encoding" value="Cp1252"/>
    <property name="java.vm.name" value="Java HotSpot(TM) 64-Bit Server VM"/>
    <property name="localRepository" value="C:\Users\ianpe\.m2\repository"/>
    <property name="java.vendor.url.bug" value="https://bugreport.java.com/bugreport/"/>
    <property name="java.io.tmpdir" value="C:\Users\ianpe\AppData\Local\Temp\"/>
    <property name="catalina.home" value="C:\Users\ianpe\AppData\Local\Temp\tomcat.0.4099895932542196036"/>
    <property name="com.zaxxer.hikari.pool_number" value="2"/>
    <property name="java.version" value="17.0.7"/>
    <property name="user.dir" value="C:\Users\ianpe\vscodeprojects\ip0623"/>
    <property name="os.arch" value="amd64"/>
    <property name="java.vm.specification.name" value="Java Virtual Machine Specification"/>
    <property name="PID" value="11696"/>
    <property name="sun.os.patch.level" value=""/>
    <property name="CONSOLE_LOG_CHARSET" value="windows-1252"/>
    <property name="catalina.base" value="C:\Users\ianpe\AppData\Local\Temp\tomcat.0.7207449032410582145"/>
    <property name="native.encoding" value="Cp1252"/>
    <property name="java.library.path" value="C:\Program Files\Java\jdk-17\bin;C:\Windows\Sun\Java\bin;C:\Windows\system32;C:\Windows;C:\Program Files\Common Files\Oracle\Java\javapath;C:\Python39\Scripts\;C:\Python39\;C:\Windows\system32;C:\Windows;C:\Windows\System32\Wbem;C:\Windows\System32\WindowsPowerShell\v1.0\;C:\Windows\System32\OpenSSH\;C:\Program Files (x86)\NVIDIA Corporation\PhysX\Common;C:\Program Files\NVIDIA Corporation\NVIDIA NvDLISR;c:\users\ianpe\appdata\local\programs\python\python37\Scripts;C:\Program Files\Git\cmd;C:\Program Files\nodejs\;C:\ProgramData\chocolatey\bin;C:\Program Files\Go\bin;C:\Program Files\CMake\bin;C:\Maven\apache-maven-3.9.3-bin\apache-maven-3.9.3\bin;C:\Program Files\MySQL\MySQL Shell 8.0\bin\;C:\Python\Python37\Scripts\;C:\Python\Python37\;C:\Users\ianpe\AppData\Local\Microsoft\WindowsApps;C:\Program Files\JetBrains\PyCharm Community Edition 2020.3.3\bin;c:\users\ianpe\appdata\local\programs\python\python37\Scripts;c:\users\ianpe\appdata\local\programs\python\python37;C:\Program Files (x86)\PostgreSQL\10\bin;C:\Users\ianpe\AppData\Local\Programs\Microsoft VS Code\bin;C:\Users\ianpe\AppData\Roaming\npm;C:\Users\ianpe\AppData\Local\Programs\Fiddler;C:\Program Files\OpenSSL-Win64\bin;C:\Users\ianpe\go\bin;C:\Program Files\heroku\bin;C:\Maven\apache-maven-3.9.3-bin\apache-maven-3.9.3\bin;;."/>
    <property name="java.vm.info" value="mixed mode, sharing"/>
    <property name="java.vendor" value="Oracle Corporation"/>
    <property name="java.vm.version" value="17.0.7+8-LTS-224"/>
    <property name="sun.io.unicode.encoding" value="UnicodeLittle"/>
    <property name="java.class.version" value="61.0"/>
  </properties>
  <testcase name="test1" classname="com.RentToolControllerTest" time="0.21">
    <system-out><![CDATA[2023-07-09T12:48:11.903-04:00  INFO 11696 --- [           main] t.c.s.AnnotationConfigContextLoaderUtils : Could not detect default configuration classes for test class [com.RentToolControllerTest]: RentToolControllerTest does not declare any static, non-private, non-final, nested classes annotated with @Configuration.
2023-07-09T12:48:11.913-04:00  INFO 11696 --- [           main] .b.t.c.SpringBootTestContextBootstrapper : Found @SpringBootConfiguration com.Application for test class com.RentToolControllerTest

  .   ____          _            __ _ _
 /\\ / ___'_ __ _ _(_)_ __  __ _ \ \ \ \
( ( )\___ | '_ | '_| | '_ \/ _` | \ \ \ \
 \\/  ___)| |_)| | | | | || (_| |  ) ) ) )
  '  |____| .__|_| |_|_| |_\__, | / / / /
 =========|_|==============|___/=/_/_/_/
 :: Spring Boot ::                (v3.1.1)

2023-07-09T12:48:11.960-04:00  INFO 11696 --- [           main] com.RentToolControllerTest               : Starting RentToolControllerTest using Java 17.0.7 with PID 11696 (started by ianpe in C:\Users\ianpe\vscodeprojects\ip0623)
2023-07-09T12:48:11.960-04:00  INFO 11696 --- [           main] com.RentToolControllerTest               : No active profile set, falling back to 1 default profile: "default"
2023-07-09T12:48:13.070-04:00  INFO 11696 --- [           main] .s.d.r.c.RepositoryConfigurationDelegate : Bootstrapping Spring Data JDBC repositories in DEFAULT mode.
2023-07-09T12:48:13.242-04:00  INFO 11696 --- [           main] .s.d.r.c.RepositoryConfigurationDelegate : Finished Spring Data repository scanning in 171 ms. Found 0 JDBC repository interfaces.
2023-07-09T12:48:13.332-04:00  INFO 11696 --- [           main] o.s.b.w.embedded.tomcat.TomcatWebServer  : Tomcat initialized with port(s): 0 (http)
2023-07-09T12:48:13.333-04:00  INFO 11696 --- [           main] o.apache.catalina.core.StandardService   : Starting service [Tomcat]
2023-07-09T12:48:13.334-04:00  INFO 11696 --- [           main] o.apache.catalina.core.StandardEngine    : Starting Servlet engine: [Apache Tomcat/10.1.10]
2023-07-09T12:48:13.357-04:00  INFO 11696 --- [           main] o.a.c.c.C.[Tomcat-1].[localhost].[/]     : Initializing Spring embedded WebApplicationContext
2023-07-09T12:48:13.357-04:00  INFO 11696 --- [           main] w.s.c.ServletWebServerApplicationContext : Root WebApplicationContext: initialization completed in 1395 ms
2023-07-09T12:48:13.481-04:00  INFO 11696 --- [           main] o.s.b.a.w.s.WelcomePageHandlerMapping    : Adding welcome page: class path resource [static/index.html]
2023-07-09T12:48:13.558-04:00  INFO 11696 --- [           main] com.zaxxer.hikari.HikariDataSource       : HikariPool-2 - Starting...
2023-07-09T12:48:14.062-04:00  INFO 11696 --- [           main] com.zaxxer.hikari.pool.HikariPool        : HikariPool-2 - Added connection org.postgresql.jdbc.PgConnection@5f5fe604
2023-07-09T12:48:14.062-04:00  INFO 11696 --- [           main] com.zaxxer.hikari.HikariDataSource       : HikariPool-2 - Start completed.
2023-07-09T12:48:14.085-04:00  INFO 11696 --- [           main] o.a.c.c.C.[Tomcat-1].[localhost].[/]     : Initializing Spring TestDispatcherServlet ''
2023-07-09T12:48:14.085-04:00  INFO 11696 --- [           main] o.s.t.web.servlet.TestDispatcherServlet  : Initializing Servlet ''
2023-07-09T12:48:14.085-04:00  INFO 11696 --- [           main] o.s.t.web.servlet.TestDispatcherServlet  : Completed initialization in 0 ms
2023-07-09T12:48:14.096-04:00  INFO 11696 --- [           main] o.s.b.w.embedded.tomcat.TomcatWebServer  : Tomcat started on port(s): 64066 (http) with context path ''
2023-07-09T12:48:14.099-04:00  INFO 11696 --- [           main] com.RentToolControllerTest               : Started RentToolControllerTest in 2.18 seconds (process running for 9.41)
]]></system-out>
  </testcase>
  <testcase name="test2" classname="com.RentToolControllerTest" time="0.202">
    <system-out><![CDATA[2023-07-09T12:48:14.901-04:00  INFO 11696 --- [           main] com.services.RentToolService             : Charge Dates [2020-07-21, 2020-07-22, 2020-07-23]
2023-07-09T12:48:14.901-04:00  INFO 11696 --- [           main] com.services.RentToolService             : No Charge Dates []
Tool Code           : LADW
Tool Type           : JackHammer
Tool Brand          : Werner
Rental Days         : 3
Check out date      : 07/20/20
Due date            : 07/23/20
Daily Rental Charge : $1.99
Charge Days         : 3
Pre-discount Charge : $5.97
Discount Percent    : 10.0%
Discount Amount     : $0.6
Final Charge        : $5.37
]]></system-out>
  </testcase>
  <testcase name="test3" classname="com.RentToolControllerTest" time="0.204">
    <system-out><![CDATA[2023-07-09T12:48:15.107-04:00  INFO 11696 --- [           main] com.services.RentToolService             : Observed July 4th on Friday 2015-07-03
2023-07-09T12:48:15.107-04:00  INFO 11696 --- [           main] com.services.RentToolService             : Charge Dates [2015-07-03, 2015-07-06, 2015-07-07]
2023-07-09T12:48:15.107-04:00  INFO 11696 --- [           main] com.services.RentToolService             : No Charge Dates [2015-07-04, 2015-07-05]
Tool Code           : CHNS
Tool Type           : Chainsaw
Tool Brand          : Stihl
Rental Days         : 5
Check out date      : 07/02/15
Due date            : 07/07/15
Daily Rental Charge : $1.49
Charge Days         : 3
Pre-discount Charge : $4.47
Discount Percent    : 25.0%
Discount Amount     : $1.12
Final Charge        : $3.35
]]></system-out>
  </testcase>
  <testcase name="test4" classname="com.RentToolControllerTest" time="0.225">
    <system-out><![CDATA[2023-07-09T12:48:15.326-04:00  INFO 11696 --- [           main] com.services.RentToolService             : Labor Day 2015-09-07
2023-07-09T12:48:15.333-04:00  INFO 11696 --- [           main] com.services.RentToolService             : Charge Dates [2015-09-04, 2015-09-08, 2015-09-09]
2023-07-09T12:48:15.333-04:00  INFO 11696 --- [           main] com.services.RentToolService             : No Charge Dates [2015-09-05, 2015-09-06, 2015-09-07]
Tool Code           : JAKD
Tool Type           : Ladder
Tool Brand          : DeWalt
Rental Days         : 6
Check out date      : 09/03/15
Due date            : 09/09/15
Daily Rental Charge : $2.99
Charge Days         : 3
Pre-discount Charge : $8.97
Discount Percent    : 0.0%
Discount Amount     : $0.0
Final Charge        : $8.97
]]></system-out>
  </testcase>
  <testcase name="test5" classname="com.RentToolControllerTest" time="0.215">
    <system-out><![CDATA[2023-07-09T12:48:15.548-04:00  INFO 11696 --- [           main] com.services.RentToolService             : Observed July 4th on Friday 2015-07-03
2023-07-09T12:48:15.548-04:00  INFO 11696 --- [           main] com.services.RentToolService             : Charge Dates [2015-07-06, 2015-07-07, 2015-07-08, 2015-07-09, 2015-07-10]
2023-07-09T12:48:15.548-04:00  INFO 11696 --- [           main] com.services.RentToolService             : No Charge Dates [2015-07-03, 2015-07-04, 2015-07-05, 2015-07-11]
Tool Code           : JAKR
Tool Type           : Ladder
Tool Brand          : Ridgid
Rental Days         : 9
Check out date      : 07/02/15
Due date            : 07/11/15
Daily Rental Charge : $2.99
Charge Days         : 5
Pre-discount Charge : $14.95
Discount Percent    : 0.0%
Discount Amount     : $0.0
Final Charge        : $14.95
]]></system-out>
  </testcase>
  <testcase name="test6" classname="com.RentToolControllerTest" time="0.199">
    <system-out><![CDATA[2023-07-09T12:48:15.748-04:00  INFO 11696 --- [           main] com.services.RentToolService             : Observed July 4th on Friday 2015-07-03
2023-07-09T12:48:15.748-04:00  INFO 11696 --- [           main] com.services.RentToolService             : Charge Dates [2015-07-06, 2015-07-07, 2015-07-08, 2015-07-09, 2015-07-10]
2023-07-09T12:48:15.748-04:00  INFO 11696 --- [           main] com.services.RentToolService             : No Charge Dates [2015-07-03, 2015-07-04, 2015-07-05, 2015-07-11]
Tool Code           : JAKR
Tool Type           : Ladder
Tool Brand          : Ridgid
Rental Days         : 9
Check out date      : 07/02/15
Due date            : 07/11/15
Daily Rental Charge : $2.99
Charge Days         : 5
Pre-discount Charge : $14.95
Discount Percent    : 0.0%
Discount Amount     : $0.0
Final Charge        : $14.95
]]></system-out>
  </testcase>
  <testcase name="test7" classname="com.RentToolControllerTest" time="0.188">
    <system-out><![CDATA[PERCENT_OUT_OF_RANGE
]]></system-out>
  </testcase>
  <testcase name="test8" classname="com.RentToolControllerTest" time="0.201">
    <system-out><![CDATA[PERCENT_OUT_OF_RANGE
]]></system-out>
  </testcase>
  <testcase name="test9" classname="com.RentToolControllerTest" time="0.205">
    <system-out><![CDATA[RENTAL_DAY_COUNT_OUT_OF_RANGE
]]></system-out>
  </testcase>
</testsuite>